<?xml version="1.0" encoding="UTF-8"?>
<!-- Generated by org.testng.reporters.JUnitReportReporter -->
<testsuite hostname="Hemendra" failures="0" tests="8" name="test.TextBox_test" time="0.100" errors="1" timestamp="2023-01-08T21:04:29 IST" skipped="7">
  <testcase classname="test.TextBox_test" name="getLaunchtestingBaba" time="0.100">
    <error message="The driver executable does not exist: C:\Users\winni\eclipse-workspace1\Testng\Driver\msedgedriver.exe" type="java.lang.IllegalStateException">
      <![CDATA[java.lang.IllegalStateException: The driver executable does not exist: C:\Users\winni\eclipse-workspace1\Testng\Driver\msedgedriver.exe
at com.google.common.base.Preconditions.checkState(Preconditions.java:585)
at org.openqa.selenium.remote.service.DriverService.checkExecutable(DriverService.java:146)
at org.openqa.selenium.remote.service.DriverService.findExecutable(DriverService.java:141)
at org.openqa.selenium.edge.EdgeDriverService.access$000(EdgeDriverService.java:37)
at org.openqa.selenium.edge.EdgeDriverService$Builder.findDefaultExecutable(EdgeDriverService.java:90)
at org.openqa.selenium.remote.service.DriverService$Builder.build(DriverService.java:355)
at org.openqa.selenium.edge.EdgeDriverService.createDefaultService(EdgeDriverService.java:70)
at org.openqa.selenium.edge.EdgeDriver.<init>(EdgeDriver.java:96)
at Baselibrary.Baselibrary.getLaunchUrl(Baselibrary.java:50)
at test.TextBox_test.getLaunchtestingBaba(TextBox_test.java:15)
at java.base/jdk.internal.reflect.DirectMethodHandleAccessor.invoke(DirectMethodHandleAccessor.java:104)
at java.base/java.lang.reflect.Method.invoke(Method.java:577)
at org.testng.internal.MethodInvocationHelper.invokeMethod(MethodInvocationHelper.java:133)
at org.testng.internal.MethodInvocationHelper.invokeMethodConsideringTimeout(MethodInvocationHelper.java:62)
at org.testng.internal.ConfigInvoker.invokeConfigurationMethod(ConfigInvoker.java:385)
at org.testng.internal.ConfigInvoker.invokeConfigurations(ConfigInvoker.java:321)
at org.testng.TestRunner.invokeTestConfigurations(TestRunner.java:637)
at org.testng.TestRunner.beforeRun(TestRunner.java:627)
at org.testng.TestRunner.run(TestRunner.java:589)
at org.testng.SuiteRunner.runTest(SuiteRunner.java:377)
at org.testng.SuiteRunner.runSequentially(SuiteRunner.java:371)
at org.testng.SuiteRunner.privateRun(SuiteRunner.java:332)
at org.testng.SuiteRunner.run(SuiteRunner.java:276)
at org.testng.SuiteRunnerWorker.runSuite(SuiteRunnerWorker.java:53)
at org.testng.SuiteRunnerWorker.run(SuiteRunnerWorker.java:96)
at org.testng.TestNG.runSuitesSequentially(TestNG.java:1212)
at org.testng.TestNG.runSuitesLocally(TestNG.java:1134)
at org.testng.TestNG.runSuites(TestNG.java:1063)
at org.testng.TestNG.run(TestNG.java:1031)
at org.testng.remote.AbstractRemoteTestNG.run(AbstractRemoteTestNG.java:115)
at org.testng.remote.RemoteTestNG.initAndRun(RemoteTestNG.java:251)
at org.testng.remote.RemoteTestNG.main(RemoteTestNG.java:77)
]]>
    </error>
  </testcase> <!-- getLaunchtestingBaba -->
  <system-out/>
  <testcase classname="test.TextBox_test" name="clickonElements" time="0.000">
    <skipped/>
  </testcase> <!-- clickonElements -->
  <system-out/>
  <testcase classname="test.TextBox_test" name="clickonTexBoxButton" time="0.000">
    <skipped/>
  </testcase> <!-- clickonTexBoxButton -->
  <system-out/>
  <testcase classname="test.TextBox_test" name="sendTextFullName" time="0.000">
    <skipped/>
  </testcase> <!-- sendTextFullName -->
  <system-out/>
  <testcase classname="test.TextBox_test" name="sendTextfullemail1" time="0.000">
    <skipped/>
  </testcase> <!-- sendTextfullemail1 -->
  <system-out/>
  <testcase classname="test.TextBox_test" name="sendTextfulladdresh1" time="0.000">
    <skipped/>
  </testcase> <!-- sendTextfulladdresh1 -->
  <system-out/>
  <testcase classname="test.TextBox_test" name="sendTextPaddresh1" time="0.000">
    <skipped/>
  </testcase> <!-- sendTextPaddresh1 -->
  <system-out/>
  <testcase classname="test.TextBox_test" name="clickonSubmitButton" time="0.000">
    <skipped/>
  </testcase> <!-- clickonSubmitButton -->
  <system-out/>
</testsuite> <!-- test.TextBox_test -->
