<?xml version="1.0" encoding="UTF-8"?>
<!-- Generated by org.testng.reporters.JUnitXMLReporter -->
<testsuite ignored="0" hostname="Hemendra" failures="0" tests="7" name="test.TextBox_test" time="0.5" errors="0" timestamp="2023-01-08T21:04:01 IST">
  <testcase classname="test.TextBox_test" name="@BeforeTest getLaunchtestingBaba" time="0.176">
    <failure type="java.lang.IllegalStateException" message="The driver executable does not exist: C:\Users\winni\eclipse-workspace1\Testng\Driver\msedgedriver.exe">
      <![CDATA[java.lang.IllegalStateException: The driver executable does not exist: C:\Users\winni\eclipse-workspace1\Testng\Driver\msedgedriver.exe
at com.google.common.base.Preconditions.checkState(Preconditions.java:585)
at org.openqa.selenium.remote.service.DriverService.checkExecutable(DriverService.java:146)
at org.openqa.selenium.remote.service.DriverService.findExecutable(DriverService.java:141)
at org.openqa.selenium.edge.EdgeDriverService.access$000(EdgeDriverService.java:37)
at org.openqa.selenium.edge.EdgeDriverService$Builder.findDefaultExecutable(EdgeDriverService.java:90)
at org.openqa.selenium.remote.service.DriverService$Builder.build(DriverService.java:355)
at org.openqa.selenium.edge.EdgeDriverService.createDefaultService(EdgeDriverService.java:70)
at org.openqa.selenium.edge.EdgeDriver.<init>(EdgeDriver.java:96)
at Baselibrary.Baselibrary.getLaunchUrl(Baselibrary.java:50)
at test.TextBox_test.getLaunchtestingBaba(TextBox_test.java:15)
... Removed 22 stack frames]]>
    </failure>
  </testcase> <!-- @BeforeTest getLaunchtestingBaba -->
  <testcase classname="Baselibrary.Baselibrary" name="@AfterMethod getanalysis" time="-1.673192040954E9">
    <skipped/>
  </testcase> <!-- @AfterMethod getanalysis -->
  <testcase classname="Baselibrary.Baselibrary" name="@AfterMethod getanalysis" time="-1.673192040974E9">
    <skipped/>
  </testcase> <!-- @AfterMethod getanalysis -->
  <testcase classname="Baselibrary.Baselibrary" name="@AfterMethod getanalysis" time="-1.673192041006E9">
    <skipped/>
  </testcase> <!-- @AfterMethod getanalysis -->
  <testcase classname="Baselibrary.Baselibrary" name="@AfterMethod getanalysis" time="-1.673192041025E9">
    <skipped/>
  </testcase> <!-- @AfterMethod getanalysis -->
  <testcase classname="Baselibrary.Baselibrary" name="@AfterMethod getanalysis" time="-1.673192041043E9">
    <skipped/>
  </testcase> <!-- @AfterMethod getanalysis -->
  <testcase classname="Baselibrary.Baselibrary" name="@AfterMethod getanalysis" time="-1.673192041054E9">
    <skipped/>
  </testcase> <!-- @AfterMethod getanalysis -->
  <testcase classname="Baselibrary.Baselibrary" name="@AfterMethod getanalysis" time="-1.673192041066E9">
    <skipped/>
  </testcase> <!-- @AfterMethod getanalysis -->
  <testcase classname="test.TextBox_test" name="@AfterTest teardown" time="-1.673192041082E9">
    <skipped/>
  </testcase> <!-- @AfterTest teardown -->
  <testcase classname="Baselibrary.Baselibrary" name="@AfterTest tearDown" time="-1.673192041086E9">
    <skipped/>
  </testcase> <!-- @AfterTest tearDown -->
  <testcase classname="test.TextBox_test" name="clickonElements" time="0.0">
    <skipped/>
  </testcase> <!-- clickonElements -->
  <testcase classname="test.TextBox_test" name="clickonTexBoxButton" time="0.0">
    <skipped/>
  </testcase> <!-- clickonTexBoxButton -->
  <testcase classname="test.TextBox_test" name="sendTextFullName" time="0.0">
    <skipped/>
  </testcase> <!-- sendTextFullName -->
  <testcase classname="test.TextBox_test" name="sendTextfullemail1" time="0.0">
    <skipped/>
  </testcase> <!-- sendTextfullemail1 -->
  <testcase classname="test.TextBox_test" name="sendTextfulladdresh1" time="0.0">
    <skipped/>
  </testcase> <!-- sendTextfulladdresh1 -->
  <testcase classname="test.TextBox_test" name="sendTextPaddresh1" time="0.0">
    <skipped/>
  </testcase> <!-- sendTextPaddresh1 -->
  <testcase classname="test.TextBox_test" name="clickonSubmitButton" time="0.0">
    <skipped/>
  </testcase> <!-- clickonSubmitButton -->
</testsuite> <!-- test.TextBox_test -->
