<?xml version="1.0" encoding="UTF-8"?>
<!-- Generated by org.testng.reporters.JUnitXMLReporter -->
<testsuite ignored="0" hostname="Hemendra" failures="1" tests="20" name="test.Login_test" time="106.615" errors="0" timestamp="2022-12-30T16:02:18 IST">
  <testcase classname="test.Login_test" name="getVerifyTitle" time="0.177"/>
  <testcase classname="test.Login_test" name="clickonsign" time="0.547"/>
  <testcase classname="test.Login_test" name="sendusername" time="2.581"/>
  <testcase classname="test.Login_test" name="sendpassword" time="1.901"/>
  <testcase classname="test.Login_test" name="clickonsigninbutton" time="3.439"/>
  <testcase classname="test.Login_test" name="clickonnewbutton" time="2.546"/>
  <testcase classname="test.Login_test" name="Createrepo" time="5.183"/>
  <testcase classname="test.Login_test" name="clickonissue" time="0.402"/>
  <testcase classname="test.Login_test" name="clickonnewissue" time="2.375"/>
  <testcase classname="test.Login_test" name="createnewissue" time="11.036"/>
  <testcase classname="test.Login_test" name="clickonnewissue1" time="4.473"/>
  <testcase classname="test.Login_test" name="createnewissue1" time="7.537"/>
  <testcase classname="test.Login_test" name="Addcomments" time="1.872"/>
  <testcase classname="test.Login_test" name="verifynewlink" time="15.385"/>
  <testcase classname="test.Login_test" name="clickonsetting" time="0.417"/>
  <testcase classname="test.Login_test" name="clickondeleterepo" time="11.731"/>
  <testcase classname="test.Login_test" name="clickondeleterepobutton" time="10.939">
    <failure type="org.openqa.selenium.NoSuchElementException" message="no such element: Unable to locate element: {&amp;quot;method&amp;quot;:&amp;quot;xpath&amp;quot;,&amp;quot;selector&amp;quot;:&amp;quot;//*[@id=&amp;apos;options_bucket&amp;apos;]/div[9]/ul/li[4]/details/details-dialog/div[3]/form/button&amp;quot;}
  (Session info: MicrosoftEdge=108.0.1462.54)
For documentation on this error, please visit: https://www.seleniumhq.org/exceptions/no_such_element.html
Build info: version: &amp;apos;3.141.59&amp;apos;, revision: &amp;apos;e82be7d358&amp;apos;, time: &amp;apos;2018-11-14T08:17:03&amp;apos;
System info: host: &amp;apos;HEMENDRA&amp;apos;, ip: &amp;apos;192.168.1.214&amp;apos;, os.name: &amp;apos;Windows 11&amp;apos;, os.arch: &amp;apos;amd64&amp;apos;, os.version: &amp;apos;10.0&amp;apos;, java.version: &amp;apos;18.0.1.1&amp;apos;
Driver info: org.openqa.selenium.edge.EdgeDriver
Capabilities {acceptInsecureCerts: false, browserName: msedge, browserVersion: 108.0.1462.54, javascriptEnabled: true, ms:edgeOptions: {debuggerAddress: localhost:61884}, msedge: {msedgedriverVersion: 108.0.1462.54 (c2998c8c6617..., userDataDir: C:\Users\winni\AppData\Loca...}, networkConnectionEnabled: false, pageLoadStrategy: normal, platform: WINDOWS, platformName: WINDOWS, proxy: Proxy(), setWindowRect: true, strictFileInteractability: false, timeouts: {implicit: 0, pageLoad: 300000, script: 30000}, unhandledPromptBehavior: dismiss and notify, webauthn:extension:credBlob: true, webauthn:extension:largeBlob: true, webauthn:virtualAuthenticators: true}
Session ID: d614f4f0d1f6381b2bcb35970aa4fc6d
*** Element info: {Using=xpath, value=//*[@id=&amp;apos;options_bucket&amp;apos;]/div[9]/ul/li[4]/details/details-dialog/div[3]/form/button}">
      <![CDATA[org.openqa.selenium.NoSuchElementException: no such element: Unable to locate element: {"method":"xpath","selector":"//*[@id='options_bucket']/div[9]/ul/li[4]/details/details-dialog/div[3]/form/button"}
  (Session info: MicrosoftEdge=108.0.1462.54)
For documentation on this error, please visit: https://www.seleniumhq.org/exceptions/no_such_element.html
Build info: version: '3.141.59', revision: 'e82be7d358', time: '2018-11-14T08:17:03'
System info: host: 'HEMENDRA', ip: '192.168.1.214', os.name: 'Windows 11', os.arch: 'amd64', os.version: '10.0', java.version: '18.0.1.1'
Driver info: org.openqa.selenium.edge.EdgeDriver
Capabilities {acceptInsecureCerts: false, browserName: msedge, browserVersion: 108.0.1462.54, javascriptEnabled: true, ms:edgeOptions: {debuggerAddress: localhost:61884}, msedge: {msedgedriverVersion: 108.0.1462.54 (c2998c8c6617..., userDataDir: C:\Users\winni\AppData\Loca...}, networkConnectionEnabled: false, pageLoadStrategy: normal, platform: WINDOWS, platformName: WINDOWS, proxy: Proxy(), setWindowRect: true, strictFileInteractability: false, timeouts: {implicit: 0, pageLoad: 300000, script: 30000}, unhandledPromptBehavior: dismiss and notify, webauthn:extension:credBlob: true, webauthn:extension:largeBlob: true, webauthn:virtualAuthenticators: true}
Session ID: d614f4f0d1f6381b2bcb35970aa4fc6d
*** Element info: {Using=xpath, value=//*[@id='options_bucket']/div[9]/ul/li[4]/details/details-dialog/div[3]/form/button}
at org.openqa.selenium.remote.http.W3CHttpResponseCodec.createException(W3CHttpResponseCodec.java:187)
at org.openqa.selenium.remote.http.W3CHttpResponseCodec.decode(W3CHttpResponseCodec.java:122)
at org.openqa.selenium.remote.http.W3CHttpResponseCodec.decode(W3CHttpResponseCodec.java:49)
at org.openqa.selenium.remote.HttpCommandExecutor.execute(HttpCommandExecutor.java:158)
at org.openqa.selenium.remote.service.DriverCommandExecutor.execute(DriverCommandExecutor.java:83)
at org.openqa.selenium.remote.RemoteWebDriver.execute(RemoteWebDriver.java:552)
at org.openqa.selenium.remote.RemoteWebDriver.findElement(RemoteWebDriver.java:323)
at org.openqa.selenium.remote.RemoteWebDriver.findElementByXPath(RemoteWebDriver.java:428)
at org.openqa.selenium.By$ByXPath.findElement(By.java:353)
at org.openqa.selenium.remote.RemoteWebDriver.findElement(RemoteWebDriver.java:315)
at org.openqa.selenium.support.pagefactory.DefaultElementLocator.findElement(DefaultElementLocator.java:69)
at org.openqa.selenium.support.pagefactory.internal.LocatingElementHandler.invoke(LocatingElementHandler.java:38)
at jdk.proxy2/jdk.proxy2.$Proxy11.click(Unknown Source)
at page.Login_page.clickondeleterepobutton(Login_page.java:251)
at test.Login_test.clickondeleterepobutton(Login_test.java:90)
at java.base/java.util.ArrayList.forEach(ArrayList.java:1511)
... Removed 28 stack frames]]>
    </failure>
  </testcase> <!-- clickondeleterepobutton -->
  <testcase classname="test.Login_test" name="getsuccesfullmsg" time="0.306"/>
  <testcase classname="test.Login_test" name="clickonHomebutton" time="3.718"/>
  <testcase classname="test.Login_test" name="GetverifyRepo" time="0.306"/>
</testsuite> <!-- test.Login_test -->
